<?xml version="1.0" encoding="UTF-8"?>
<testsuite name="com.csc.TestLinkedList" tests="5" skipped="0" failures="0" errors="0" timestamp="2024-11-17T23:47:18" hostname="DESKTOP-BA9STQJ" time="0.018">
  <properties/>
  <testcase name="testOne()" classname="com.csc.TestLinkedList" time="0.013"/>
  <testcase name="testTwo()" classname="com.csc.TestLinkedList" time="0.0"/>
  <testcase name="testThree()" classname="com.csc.TestLinkedList" time="0.001"/>
  <testcase name="getOneThenNext()" classname="com.csc.TestLinkedList" time="0.001"/>
  <testcase name="getOneThenNextNext()" classname="com.csc.TestLinkedList" time="0.001"/>
  <system-out><![CDATA[]]></system-out>
  <system-err><![CDATA[]]></system-err>
</testsuite>
